2017-08-04 19:55:53 [scrapy.utils.log] INFO: Scrapy 1.4.0 started (bot: IRP_Hand)
2017-08-04 19:55:53 [scrapy.utils.log] INFO: Overridden settings: {'BOT_NAME': 'IRP_Hand', 'LOG_FILE': 'output.log', 'NEWSPIDER_MODULE': 'IRP_Hand.spiders', 'ROBOTSTXT_OBEY': True, 'SPIDER_MODULES': ['IRP_Hand.spiders']}
2017-08-04 19:55:53 [scrapy.middleware] INFO: Enabled extensions:
['scrapy.extensions.corestats.CoreStats',
 'scrapy.extensions.telnet.TelnetConsole',
 'scrapy.extensions.logstats.LogStats']
2017-08-04 19:55:54 [scrapy.middleware] INFO: Enabled downloader middlewares:
['scrapy.downloadermiddlewares.robotstxt.RobotsTxtMiddleware',
 'scrapy.downloadermiddlewares.httpauth.HttpAuthMiddleware',
 'scrapy.downloadermiddlewares.downloadtimeout.DownloadTimeoutMiddleware',
 'scrapy.downloadermiddlewares.defaultheaders.DefaultHeadersMiddleware',
 'scrapy.downloadermiddlewares.useragent.UserAgentMiddleware',
 'scrapy.downloadermiddlewares.retry.RetryMiddleware',
 'scrapy.downloadermiddlewares.redirect.MetaRefreshMiddleware',
 'scrapy.downloadermiddlewares.httpcompression.HttpCompressionMiddleware',
 'scrapy.downloadermiddlewares.redirect.RedirectMiddleware',
 'scrapy.downloadermiddlewares.cookies.CookiesMiddleware',
 'scrapy.downloadermiddlewares.httpproxy.HttpProxyMiddleware',
 'scrapy.downloadermiddlewares.stats.DownloaderStats']
2017-08-04 19:55:54 [scrapy.middleware] INFO: Enabled spider middlewares:
['scrapy.spidermiddlewares.httperror.HttpErrorMiddleware',
 'scrapy.spidermiddlewares.offsite.OffsiteMiddleware',
 'scrapy.spidermiddlewares.referer.RefererMiddleware',
 'scrapy.spidermiddlewares.urllength.UrlLengthMiddleware',
 'scrapy.spidermiddlewares.depth.DepthMiddleware']
2017-08-04 19:55:54 [scrapy.middleware] INFO: Enabled item pipelines:
[]
2017-08-04 19:55:54 [scrapy.core.engine] INFO: Spider opened
2017-08-04 19:55:54 [scrapy.extensions.logstats] INFO: Crawled 0 pages (at 0 pages/min), scraped 0 items (at 0 items/min)
2017-08-04 19:55:54 [scrapy.extensions.telnet] DEBUG: Telnet console listening on 127.0.0.1:6023
2017-08-04 19:55:54 [scrapy.core.engine] DEBUG: Crawled (200) <GET https://en.wikipedia.org/robots.txt> (referer: None)
2017-08-04 19:55:54 [scrapy.core.engine] DEBUG: Crawled (200) <GET https://en.wikipedia.org/wiki/List_of_newspapers_in_the_United_States> (referer: None)
2017-08-04 19:55:54 [scrapy.core.engine] DEBUG: Crawled (200) <GET https://en.wikipedia.org/wiki/The_Wall_Street_Journal> (referer: https://en.wikipedia.org/wiki/List_of_newspapers_in_the_United_States)
2017-08-04 19:55:55 [scrapy.core.scraper] ERROR: Spider error processing <GET https://en.wikipedia.org/wiki/The_Wall_Street_Journal> (referer: https://en.wikipedia.org/wiki/List_of_newspapers_in_the_United_States)
Traceback (most recent call last):
  File "c:\users\tare\appdata\local\programs\python\python36-32\lib\site-packages\scrapy\utils\defer.py", line 102, in iter_errback
    yield next(it)
  File "c:\users\tare\appdata\local\programs\python\python36-32\lib\site-packages\scrapy\spidermiddlewares\offsite.py", line 29, in process_spider_output
    for x in result:
  File "c:\users\tare\appdata\local\programs\python\python36-32\lib\site-packages\scrapy\spidermiddlewares\referer.py", line 339, in <genexpr>
    return (_set_referer(r) for r in result or ())
  File "c:\users\tare\appdata\local\programs\python\python36-32\lib\site-packages\scrapy\spidermiddlewares\urllength.py", line 37, in <genexpr>
    return (r for r in result or () if _filter(r))
  File "c:\users\tare\appdata\local\programs\python\python36-32\lib\site-packages\scrapy\spidermiddlewares\depth.py", line 58, in <genexpr>
    return (r for r in result or () if _filter(r))
  File "C:\Users\Tare\Desktop\IRD-Hand\IRP_Hand\IRP_Hand\spiders\test_spider.py", line 60, in parse2
    yield scrapy.Request(url=site, callback=self.parse3)
  File "c:\users\tare\appdata\local\programs\python\python36-32\lib\site-packages\scrapy\http\request\__init__.py", line 25, in __init__
    self._set_url(url)
  File "c:\users\tare\appdata\local\programs\python\python36-32\lib\site-packages\scrapy\http\request\__init__.py", line 52, in _set_url
    raise TypeError('Request url must be str or unicode, got %s:' % type(url).__name__)
TypeError: Request url must be str or unicode, got list:
2017-08-04 19:55:55 [scrapy.core.engine] INFO: Closing spider (finished)
2017-08-04 19:55:55 [scrapy.statscollectors] INFO: Dumping Scrapy stats:
{'downloader/request_bytes': 1036,
 'downloader/request_count': 3,
 'downloader/request_method_count/GET': 3,
 'downloader/response_bytes': 79743,
 'downloader/response_count': 3,
 'downloader/response_status_count/200': 3,
 'finish_reason': 'finished',
 'finish_time': datetime.datetime(2017, 8, 4, 23, 55, 55, 37823),
 'log_count/DEBUG': 4,
 'log_count/ERROR': 1,
 'log_count/INFO': 7,
 'request_depth_max': 1,
 'response_received_count': 3,
 'scheduler/dequeued': 2,
 'scheduler/dequeued/memory': 2,
 'scheduler/enqueued': 2,
 'scheduler/enqueued/memory': 2,
 'spider_exceptions/TypeError': 1,
 'start_time': datetime.datetime(2017, 8, 4, 23, 55, 54, 235744)}
2017-08-04 19:55:55 [scrapy.core.engine] INFO: Spider closed (finished)
2017-08-04 20:54:44 [scrapy.utils.log] INFO: Scrapy 1.4.0 started (bot: IRP_Hand)
2017-08-04 20:54:44 [scrapy.utils.log] INFO: Overridden settings: {'BOT_NAME': 'IRP_Hand', 'LOG_FILE': 'output.log', 'NEWSPIDER_MODULE': 'IRP_Hand.spiders', 'ROBOTSTXT_OBEY': True, 'SPIDER_MODULES': ['IRP_Hand.spiders']}
2017-08-04 20:54:44 [scrapy.middleware] INFO: Enabled extensions:
['scrapy.extensions.corestats.CoreStats',
 'scrapy.extensions.telnet.TelnetConsole',
 'scrapy.extensions.logstats.LogStats']
2017-08-04 20:54:45 [scrapy.middleware] INFO: Enabled downloader middlewares:
['scrapy.downloadermiddlewares.robotstxt.RobotsTxtMiddleware',
 'scrapy.downloadermiddlewares.httpauth.HttpAuthMiddleware',
 'scrapy.downloadermiddlewares.downloadtimeout.DownloadTimeoutMiddleware',
 'scrapy.downloadermiddlewares.defaultheaders.DefaultHeadersMiddleware',
 'scrapy.downloadermiddlewares.useragent.UserAgentMiddleware',
 'scrapy.downloadermiddlewares.retry.RetryMiddleware',
 'scrapy.downloadermiddlewares.redirect.MetaRefreshMiddleware',
 'scrapy.downloadermiddlewares.httpcompression.HttpCompressionMiddleware',
 'scrapy.downloadermiddlewares.redirect.RedirectMiddleware',
 'scrapy.downloadermiddlewares.cookies.CookiesMiddleware',
 'scrapy.downloadermiddlewares.httpproxy.HttpProxyMiddleware',
 'scrapy.downloadermiddlewares.stats.DownloaderStats']
2017-08-04 20:54:45 [scrapy.middleware] INFO: Enabled spider middlewares:
['scrapy.spidermiddlewares.httperror.HttpErrorMiddleware',
 'scrapy.spidermiddlewares.offsite.OffsiteMiddleware',
 'scrapy.spidermiddlewares.referer.RefererMiddleware',
 'scrapy.spidermiddlewares.urllength.UrlLengthMiddleware',
 'scrapy.spidermiddlewares.depth.DepthMiddleware']
2017-08-04 20:54:45 [scrapy.middleware] INFO: Enabled item pipelines:
[]
2017-08-04 20:54:45 [scrapy.core.engine] INFO: Spider opened
2017-08-04 20:54:45 [scrapy.extensions.logstats] INFO: Crawled 0 pages (at 0 pages/min), scraped 0 items (at 0 items/min)
2017-08-04 20:54:45 [scrapy.extensions.telnet] DEBUG: Telnet console listening on 127.0.0.1:6023
2017-08-04 20:54:45 [scrapy.core.engine] DEBUG: Crawled (200) <GET https://en.wikipedia.org/robots.txt> (referer: None)
2017-08-04 20:54:45 [scrapy.core.engine] DEBUG: Crawled (200) <GET https://en.wikipedia.org/wiki/List_of_newspapers_in_the_United_States> (referer: None)
2017-08-04 20:54:45 [scrapy.core.engine] DEBUG: Crawled (200) <GET https://en.wikipedia.org/wiki/The_Wall_Street_Journal> (referer: https://en.wikipedia.org/wiki/List_of_newspapers_in_the_United_States)
2017-08-04 20:54:46 [scrapy.core.engine] DEBUG: Crawled (200) <GET http://www.wsj.com/robots.txt> (referer: None)
2017-08-04 20:54:46 [scrapy.downloadermiddlewares.redirect] DEBUG: Redirecting (301) to <GET https://www.wsj.com/> from <GET http://www.wsj.com>
2017-08-04 20:54:46 [scrapy.core.engine] DEBUG: Crawled (200) <GET https://www.wsj.com/> (referer: None)
2017-08-04 20:54:46 [scrapy.core.scraper] ERROR: Spider error processing <GET https://www.wsj.com/> (referer: None)
Traceback (most recent call last):
  File "c:\users\tare\appdata\local\programs\python\python36-32\lib\site-packages\scrapy\utils\defer.py", line 102, in iter_errback
    yield next(it)
  File "c:\users\tare\appdata\local\programs\python\python36-32\lib\site-packages\scrapy\spidermiddlewares\offsite.py", line 29, in process_spider_output
    for x in result:
  File "c:\users\tare\appdata\local\programs\python\python36-32\lib\site-packages\scrapy\spidermiddlewares\referer.py", line 339, in <genexpr>
    return (_set_referer(r) for r in result or ())
  File "c:\users\tare\appdata\local\programs\python\python36-32\lib\site-packages\scrapy\spidermiddlewares\urllength.py", line 37, in <genexpr>
    return (r for r in result or () if _filter(r))
  File "c:\users\tare\appdata\local\programs\python\python36-32\lib\site-packages\scrapy\spidermiddlewares\depth.py", line 58, in <genexpr>
    return (r for r in result or () if _filter(r))
  File "C:\Users\Tare\Desktop\IRD-Hand\IRP_Hand\IRP_Hand\spiders\test_spider.py", line 65, in parse3
    sports_pages = [link for link in p_links if re.search('[Ss]ports', link) is not None]
NameError: name 'p_links' is not defined
2017-08-04 20:54:46 [scrapy.core.engine] INFO: Closing spider (finished)
2017-08-04 20:54:46 [scrapy.statscollectors] INFO: Dumping Scrapy stats:
{'downloader/request_bytes': 1673,
 'downloader/request_count': 6,
 'downloader/request_method_count/GET': 6,
 'downloader/response_bytes': 262536,
 'downloader/response_count': 6,
 'downloader/response_status_count/200': 5,
 'downloader/response_status_count/301': 1,
 'finish_reason': 'finished',
 'finish_time': datetime.datetime(2017, 8, 5, 0, 54, 46, 806406),
 'log_count/DEBUG': 7,
 'log_count/ERROR': 1,
 'log_count/INFO': 7,
 'request_depth_max': 2,
 'response_received_count': 5,
 'scheduler/dequeued': 4,
 'scheduler/dequeued/memory': 4,
 'scheduler/enqueued': 4,
 'scheduler/enqueued/memory': 4,
 'spider_exceptions/NameError': 1,
 'start_time': datetime.datetime(2017, 8, 5, 0, 54, 45, 33499)}
2017-08-04 20:54:46 [scrapy.core.engine] INFO: Spider closed (finished)
